<?xml version="1.0" encoding="UTF-8"?>
<!-- Generated by org.testng.reporters.JUnitReportReporter -->
<testsuite skipped="0" hostname="Ollies-MacBook-Pro.local" name="com.TestNGcode_Mar_18_2023.invocationCountUse" tests="7" failures="0" timestamp="2023-03-18T10:50:11 EDT" time="0.017" errors="0">
  <testcase name="sample1" time="0.007" classname="com.TestNGcode_Mar_18_2023.invocationCountUse"/>
  <system-out/>
  <testcase name="sample2" time="0.001" classname="com.TestNGcode_Mar_18_2023.invocationCountUse"/>
  <system-out/>
  <testcase name="sample3" time="0.003" classname="com.TestNGcode_Mar_18_2023.invocationCountUse"/>
  <system-out/>
  <testcase name="sample3" time="0.001" classname="com.TestNGcode_Mar_18_2023.invocationCountUse"/>
  <system-out/>
  <testcase name="sample3" time="0.002" classname="com.TestNGcode_Mar_18_2023.invocationCountUse"/>
  <system-out/>
  <testcase name="sample3" time="0.002" classname="com.TestNGcode_Mar_18_2023.invocationCountUse"/>
  <system-out/>
  <testcase name="sample3" time="0.001" classname="com.TestNGcode_Mar_18_2023.invocationCountUse"/>
  <system-out/>
</testsuite> <!-- com.TestNGcode_Mar_18_2023.invocationCountUse -->
