<?xml version="1.0" encoding="UTF-8"?>
<!-- Generated by org.testng.reporters.JUnitReportReporter -->
<testsuite skipped="0" hostname="Ollies-MacBook-Pro.local" name="com.automationcode_5thMar_2023.TestNg_Annotations" tests="2" failures="0" timestamp="2023-03-12T11:32:35 EDT" time="0.012" errors="0">
  <testcase name="testCase1Annotation" time="0.007" classname="com.automationcode_5thMar_2023.TestNg_Annotations"/>
  <system-out/>
  <testcase name="testCase2Annotation" time="0.005" classname="com.automationcode_5thMar_2023.TestNg_Annotations"/>
  <system-out/>
</testsuite> <!-- com.automationcode_5thMar_2023.TestNg_Annotations -->
